--------------------------------
Thu Mar 01 2018 11:38:54
GET /
HEADERS=> {
  "host": "localhost:8000",
  "connection": "keep-alive",
  "cache-control": "max-age=0",
  "upgrade-insecure-requests": "1",
  "user-agent": "Mozilla/5.0 (Macintosh; Intel Mac OS X 10_12_5) AppleWebKit/537.36 (KHTML, like Gecko) Chrome/64.0.3282.186 Safari/537.36",
  "accept": "text/html,application/xhtml+xml,application/xml;q=0.9,image/webp,image/apng,*/*;q=0.8",
  "accept-encoding": "gzip, deflate, br",
  "accept-language": "en-IN,en;q=0.9,en-GB;q=0.8,en-US;q=0.7,kn;q=0.6",
  "if-none-match": "W/\"6d0-c9aAMB/WeLI6P3ZXyeLtn2Y6Uro\""
}
COOKIES=> {}
BODY=> {}
--------------------------------
Thu Mar 01 2018 11:38:55
GET /favicon.ico
HEADERS=> {
  "host": "localhost:8000",
  "connection": "keep-alive",
  "pragma": "no-cache",
  "cache-control": "no-cache",
  "user-agent": "Mozilla/5.0 (Macintosh; Intel Mac OS X 10_12_5) AppleWebKit/537.36 (KHTML, like Gecko) Chrome/64.0.3282.186 Safari/537.36",
  "accept": "image/webp,image/apng,image/*,*/*;q=0.8",
  "referer": "http://localhost:8000/",
  "accept-encoding": "gzip, deflate, br",
  "accept-language": "en-IN,en;q=0.9,en-GB;q=0.8,en-US;q=0.7,kn;q=0.6"
}
COOKIES=> {}
BODY=> {}
--------------------------------
Thu Mar 01 2018 11:39:29
GET /
HEADERS=> {
  "host": "localhost:8000",
  "connection": "keep-alive",
  "upgrade-insecure-requests": "1",
  "user-agent": "Mozilla/5.0 (Macintosh; Intel Mac OS X 10_12_5) AppleWebKit/537.36 (KHTML, like Gecko) Chrome/64.0.3282.186 Safari/537.36",
  "accept": "text/html,application/xhtml+xml,application/xml;q=0.9,image/webp,image/apng,*/*;q=0.8",
  "accept-encoding": "gzip, deflate, br",
  "accept-language": "en-IN,en;q=0.9,en-GB;q=0.8,en-US;q=0.7,kn;q=0.6",
  "if-none-match": "W/\"93-rGzPBqwLLXqeQCGJ430UjeHk3KA\""
}
COOKIES=> {}
BODY=> {}
